<?xml version="1.0" encoding="UTF-8"?>
<!-- Generated by org.testng.reporters.JUnitReportReporter -->
<testsuite skipped="0" hostname="INAdmins-MacBook-Pro.local" name="Spreetest" tests="1" failures="0" timestamp="09 Dec 2019 06:40:14 GMT" time="4.630" errors="0">
  <testcase name="startmethod" time="4.630" classname="Spreetest"/>
</testsuite> <!-- Spreetest -->
